<?xml version="1.0" encoding="UTF-8"?>
<!-- Generated by org.testng.reporters.JUnitReportReporter -->
<testsuite hostname="Ryota" failures="0" tests="4" name="homePage.MyTestCase" time="14.036" errors="0" timestamp="2024-09-02T16:12:41 AST" skipped="3">
  <testcase classname="homePage.MyTestCase" name="addWomen" time="14.036"/>
  <system-out/>
  <testcase classname="homePage.MyTestCase" name="CreateAnAccount">
    <skipped/>
  </testcase> <!-- CreateAnAccount -->
  <system-out/>
  <testcase classname="homePage.MyTestCase" name="infoRegister">
    <skipped/>
  </testcase> <!-- infoRegister -->
  <system-out/>
  <testcase classname="homePage.MyTestCase" name="addMenItem">
    <skipped/>
  </testcase> <!-- addMenItem -->
  <system-out/>
</testsuite> <!-- homePage.MyTestCase -->
